2016-04-14 17:46:29.116/sys$topicmanager//startup: creating topics ...
2016-04-14 17:46:29.116/sys$topicmanager//create topic: testtopic
2016-04-14 17:46:29.445/sys$topicmanager//create topic: swiftmq.jndi
2016-04-14 17:48:02.982/sys$topicmanager//startup: creating topics ...
2016-04-14 17:48:02.982/sys$topicmanager//create topic: testtopic
2016-04-14 17:48:03.247/sys$topicmanager//create topic: swiftmq.jndi
2016-04-14 17:49:02.19/sys$topicmanager//startup: creating topics ...
2016-04-14 17:49:02.19/sys$topicmanager//create topic: testtopic
2016-04-14 17:49:02.284/sys$topicmanager//create topic: swiftmq.jndi
2016-04-14 17:50:05.7/sys$topicmanager//startup: creating topics ...
2016-04-14 17:50:05.7/sys$topicmanager//create topic: testtopic
2016-04-14 17:50:05.274/sys$topicmanager//create topic: swiftmq.jndi
2016-04-14 17:51:22.406/sys$topicmanager//startup: creating topics ...
2016-04-14 17:51:22.406/sys$topicmanager//create topic: testtopic
2016-04-14 17:51:22.657/sys$topicmanager//create topic: swiftmq.jndi
2016-04-14 17:57:10.69/sys$topicmanager//startup: creating topics ...
2016-04-14 17:57:10.84/sys$topicmanager//create topic: testtopic
2016-04-14 17:57:10.350/sys$topicmanager//create topic: swiftmq.jndi
2016-04-14 17:59:44.500/sys$topicmanager//startup: creating topics ...
2016-04-14 17:59:44.500/sys$topicmanager//create topic: testtopic
2016-04-14 17:59:44.765/sys$topicmanager//create topic: swiftmq.jndi
2016-04-15 17:02:44.293/sys$topicmanager//startup: creating topics ...
2016-04-15 17:02:44.309/sys$topicmanager//create topic: testtopic
2016-04-15 17:02:44.870/sys$topicmanager//create topic: swiftmq.jndi
2016-04-15 17:03:27.591/sys$topicmanager//startup: creating topics ...
2016-04-15 17:03:27.591/sys$topicmanager//create topic: testtopic
2016-04-15 17:03:27.872/sys$topicmanager//create topic: swiftmq.jndi
2016-04-15 17:03:51.258/sys$topicmanager//startup: creating topics ...
2016-04-15 17:03:51.258/sys$topicmanager//create topic: testtopic
2016-04-15 17:03:51.507/sys$topicmanager//create topic: swiftmq.jndi
2016-04-15 17:12:57.661/sys$topicmanager//startup: creating topics ...
2016-04-15 17:12:57.661/sys$topicmanager//create topic: testtopic
2016-04-15 17:12:57.911/sys$topicmanager//create topic: swiftmq.jndi
2016-04-15 17:13:22.329/Sm@rtletManager//initSm@rtlets: Sm@rtlet sys$trace has been started
2016-04-15 17:13:22.329/Sm@rtletManager//initSm@rtlets: Sm@rtlet sys$trace, Display Name: 跟踪子服务
2016-04-15 17:13:22.329/Sm@rtletManager//initSm@rtlets: Sm@rtlet sys$trace, Description : 提供跟踪信息
2016-04-15 17:13:22.329/Sm@rtletManager//initSm@rtlets: Sm@rtlet sys$trace, Class Name  : com.digitalchina.router.swiftlets.auth.TraceSwiftletImpl
2016-04-15 17:13:22.329/Sm@rtletManager//initSm@rtlets: Sm@rtlet sys$trace, Version     : 2.0.0
2016-04-15 17:13:22.329/Sm@rtletManager//initSm@rtlets: Sm@rtlet sys$trace, Vendor      : 神州数码有限公司
2016-04-15 17:13:22.329/Sm@rtletManager//initSm@rtlets: Sm@rtlet sys$topicmanager has been started
2016-04-15 17:13:22.329/Sm@rtletManager//initSm@rtlets: Sm@rtlet sys$topicmanager, Display Name: 消息主题管理子服务
2016-04-15 17:13:22.329/Sm@rtletManager//initSm@rtlets: Sm@rtlet sys$topicmanager, Description : 管理消息主题
2016-04-15 17:13:22.329/Sm@rtletManager//initSm@rtlets: Sm@rtlet sys$topicmanager, Class Name  : com.digitalchina.router.swiftlets.topic.TopicManagerImpl
2016-04-15 17:13:22.329/Sm@rtletManager//initSm@rtlets: Sm@rtlet sys$topicmanager, Version     : 2.0.0
2016-04-15 17:13:22.329/Sm@rtletManager//initSm@rtlets: Sm@rtlet sys$topicmanager, Vendor      : 神州数码有限公司
2016-04-15 17:13:22.329/Sm@rtletManager//initSm@rtlets: Sm@rtlet sys$jms has been started
2016-04-15 17:13:22.329/Sm@rtletManager//initSm@rtlets: Sm@rtlet sys$jms, Display Name: JMS子服务
2016-04-15 17:13:22.329/Sm@rtletManager//initSm@rtlets: Sm@rtlet sys$jms, Description : Java消息服务器子服务
2016-04-15 17:13:22.329/Sm@rtletManager//initSm@rtlets: Sm@rtlet sys$jms, Class Name  : com.digitalchina.router.swiftlets.jms.JMSSwiftlet
2016-04-15 17:13:22.329/Sm@rtletManager//initSm@rtlets: Sm@rtlet sys$jms, Version     : 2.0.0
2016-04-15 17:13:22.329/Sm@rtletManager//initSm@rtlets: Sm@rtlet sys$jms, Vendor      : 神州数码有限公司
2016-04-15 17:13:22.329/Sm@rtletManager//initSm@rtlets: Sm@rtlet sys$log has been started
2016-04-15 17:13:22.329/Sm@rtletManager//initSm@rtlets: Sm@rtlet sys$log, Display Name: 日志子服务
2016-04-15 17:13:22.329/Sm@rtletManager//initSm@rtlets: Sm@rtlet sys$log, Description : 日志子服务
2016-04-15 17:13:22.329/Sm@rtletManager//initSm@rtlets: Sm@rtlet sys$log, Class Name  : com.digitalchina.router.swiftlets.log.LogSwiftletImpl
2016-04-15 17:13:22.345/Sm@rtletManager//initSm@rtlets: Sm@rtlet sys$log, Version     : 2.0.0
2016-04-15 17:13:22.345/Sm@rtletManager//initSm@rtlets: Sm@rtlet sys$log, Vendor      : 神州数码有限公司
2016-04-15 17:13:22.345/Sm@rtletManager//initSm@rtlets: Sm@rtlet sys$queuemanager has been started
2016-04-15 17:13:22.345/Sm@rtletManager//initSm@rtlets: Sm@rtlet sys$queuemanager, Display Name: 队列管理子服务
2016-04-15 17:13:22.345/Sm@rtletManager//initSm@rtlets: Sm@rtlet sys$queuemanager, Description : 用于管理消息队列的子服务
2016-04-15 17:13:22.345/Sm@rtletManager//initSm@rtlets: Sm@rtlet sys$queuemanager, Class Name  : com.digitalchina.router.swiftlets.queue.QueueManagerImpl
2016-04-15 17:13:22.345/Sm@rtletManager//initSm@rtlets: Sm@rtlet sys$queuemanager, Version     : 2.0.0
2016-04-15 17:13:22.345/Sm@rtletManager//initSm@rtlets: Sm@rtlet sys$queuemanager, Vendor      : 神州数码有限公司
2016-04-15 17:13:22.345/Sm@rtletManager//initSm@rtlets: Sm@rtlet sys$net has been started
2016-04-15 17:13:22.345/Sm@rtletManager//initSm@rtlets: Sm@rtlet sys$net, Display Name: Network子服务
2016-04-15 17:13:22.345/Sm@rtletManager//initSm@rtlets: Sm@rtlet sys$net, Description : Network连接服务
2016-04-15 17:13:22.345/Sm@rtletManager//initSm@rtlets: Sm@rtlet sys$net, Class Name  : com.digitalchina.router.swiftlets.net.NetworkSwiftletImpl
2016-04-15 17:13:22.345/Sm@rtletManager//initSm@rtlets: Sm@rtlet sys$net, Version     : 2.0.0
2016-04-15 17:13:22.345/Sm@rtletManager//initSm@rtlets: Sm@rtlet sys$net, Vendor      : 神州数码有限公司
2016-04-15 17:13:22.345/Sm@rtletManager//initSm@rtlets: Sm@rtlet sys$routing has been started
2016-04-15 17:13:22.345/Sm@rtletManager//initSm@rtlets: Sm@rtlet sys$routing, Display Name: 路由子服务
2016-04-15 17:13:22.345/Sm@rtletManager//initSm@rtlets: Sm@rtlet sys$routing, Description : 消息路由子服务
2016-04-15 17:13:22.345/Sm@rtletManager//initSm@rtlets: Sm@rtlet sys$routing, Class Name  : com.digitalchina.router.swiftlets.routing.RoutingSwiftletImpl
2016-04-15 17:13:22.345/Sm@rtletManager//initSm@rtlets: Sm@rtlet sys$routing, Version     : 2.0.0
2016-04-15 17:13:22.345/Sm@rtletManager//initSm@rtlets: Sm@rtlet sys$routing, Vendor      : 神州数码有限公司
2016-04-15 17:13:22.345/Sm@rtletManager//initSm@rtlets: Sm@rtlet httpsadapter has been started
2016-04-15 17:13:22.345/Sm@rtletManager//initSm@rtlets: Sm@rtlet httpsadapter, Display Name: HttpsAdapter 插件
2016-04-15 17:13:22.345/Sm@rtletManager//initSm@rtlets: Sm@rtlet httpsadapter, Description : HttpsAdapter 插件
2016-04-15 17:13:22.345/Sm@rtletManager//initSm@rtlets: Sm@rtlet httpsadapter, Class Name  : com.digitalchina.extension.httpsadapter.HttpsAdapterSwiftlet
2016-04-15 17:13:22.345/Sm@rtletManager//initSm@rtlets: Sm@rtlet httpsadapter, Version     : 2.0.0
2016-04-15 17:13:22.345/Sm@rtletManager//initSm@rtlets: Sm@rtlet httpsadapter, Vendor      : 神州数码(中国)有限公司
2016-04-15 17:13:22.345/Sm@rtletManager//initSm@rtlets: Sm@rtlet sys$threadpool has been started
2016-04-15 17:13:22.345/Sm@rtletManager//initSm@rtlets: Sm@rtlet sys$threadpool, Display Name: 线程池子服务
2016-04-15 17:13:22.345/Sm@rtletManager//initSm@rtlets: Sm@rtlet sys$threadpool, Description : 管理线程池的子服务
2016-04-15 17:13:22.345/Sm@rtletManager//initSm@rtlets: Sm@rtlet sys$threadpool, Class Name  : com.digitalchina.router.swiftlets.threadpool.ThreadpoolSwiftletImpl
2016-04-15 17:13:22.345/Sm@rtletManager//initSm@rtlets: Sm@rtlet sys$threadpool, Version     : 2.0.0
2016-04-15 17:13:22.345/Sm@rtletManager//initSm@rtlets: Sm@rtlet sys$threadpool, Vendor      : 神州数码有限公司
2016-04-15 17:13:22.345/Sm@rtletManager//initSm@rtlets: Sm@rtlet sys$timer has been started
2016-04-15 17:13:22.345/Sm@rtletManager//initSm@rtlets: Sm@rtlet sys$timer, Display Name: 定时子服务
2016-04-15 17:13:22.345/Sm@rtletManager//initSm@rtlets: Sm@rtlet sys$timer, Description : 定时器的管理
2016-04-15 17:13:22.345/Sm@rtletManager//initSm@rtlets: Sm@rtlet sys$timer, Class Name  : com.digitalchina.router.swiftlets.timer.TimerSwiftletImpl
2016-04-15 17:13:22.345/Sm@rtletManager//initSm@rtlets: Sm@rtlet sys$timer, Version     : 2.0.0
2016-04-15 17:13:22.345/Sm@rtletManager//initSm@rtlets: Sm@rtlet sys$timer, Vendor      : 神州数码有限公司
2016-04-15 17:13:22.345/Sm@rtletManager//initSm@rtlets: Sm@rtlet socket$adapter has been started
2016-04-15 17:13:22.345/Sm@rtletManager//initSm@rtlets: Sm@rtlet socket$adapter, Display Name: 企业端适配器
2016-04-15 17:13:22.345/Sm@rtletManager//initSm@rtlets: Sm@rtlet socket$adapter, Description : 企业端适配器
2016-04-15 17:13:22.345/Sm@rtletManager//initSm@rtlets: Sm@rtlet socket$adapter, Class Name  : com.digitalchina.extension.socketadapter.SocketAdapterSwiftletImpl
2016-04-15 17:13:22.345/Sm@rtletManager//initSm@rtlets: Sm@rtlet socket$adapter, Version     : 2.0.0
2016-04-15 17:13:22.345/Sm@rtletManager//initSm@rtlets: Sm@rtlet socket$adapter, Vendor      : 神州数码有限公司
2016-04-15 17:13:22.345/Sm@rtletManager//initSm@rtlets: Sm@rtlet bridge has been started
2016-04-15 17:13:22.345/Sm@rtletManager//initSm@rtlets: Sm@rtlet bridge, Display Name: JMS桥接器插件
2016-04-15 17:13:22.345/Sm@rtletManager//initSm@rtlets: Sm@rtlet bridge, Description : JMS桥接器插件
2016-04-15 17:13:22.345/Sm@rtletManager//initSm@rtlets: Sm@rtlet bridge, Class Name  : com.digitalchina.extension.bridge.BridgeSwiftlet
2016-04-15 17:13:22.345/Sm@rtletManager//initSm@rtlets: Sm@rtlet bridge, Version     : 2.0.0
2016-04-15 17:13:22.345/Sm@rtletManager//initSm@rtlets: Sm@rtlet bridge, Vendor      : 神州数码（中国）有限公司
2016-04-15 17:13:22.345/Sm@rtletManager//initSm@rtlets: Sm@rtlet scriptlet has been started
2016-04-15 17:13:22.345/Sm@rtletManager//initSm@rtlets: Sm@rtlet scriptlet, Display Name: 脚本引擎
2016-04-15 17:13:22.345/Sm@rtletManager//initSm@rtlets: Sm@rtlet scriptlet, Description : 脚本引擎
2016-04-15 17:13:22.345/Sm@rtletManager//initSm@rtlets: Sm@rtlet scriptlet, Class Name  : com.digitalchina.extension.scriptengine.ScriptEngineSwiftlet
2016-04-15 17:13:22.345/Sm@rtletManager//initSm@rtlets: Sm@rtlet scriptlet, Version     : 2.0.0
2016-04-15 17:13:22.345/Sm@rtletManager//initSm@rtlets: Sm@rtlet scriptlet, Vendor      : 神州数码（中国）有限公司
2016-04-15 17:13:22.345/Sm@rtletManager//initSm@rtlets: Sm@rtlet sys$authentication has been started
2016-04-15 17:13:22.345/Sm@rtletManager//initSm@rtlets: Sm@rtlet sys$authentication, Display Name: 用户认证子服务
2016-04-15 17:13:22.345/Sm@rtletManager//initSm@rtlets: Sm@rtlet sys$authentication, Description : 用户认证子服务
2016-04-15 17:13:22.345/Sm@rtletManager//initSm@rtlets: Sm@rtlet sys$authentication, Class Name  : com.digitalchina.router.swiftlets.auth.AuthenticationSwiftletImpl
2016-04-15 17:13:22.345/Sm@rtletManager//initSm@rtlets: Sm@rtlet sys$authentication, Version     : 2.0.0
2016-04-15 17:13:22.345/Sm@rtletManager//initSm@rtlets: Sm@rtlet sys$authentication, Vendor      : 神州数码有限公司
2016-04-15 17:13:22.345/Sm@rtletManager//initSm@rtlets: Sm@rtlet sys$jndi has been started
2016-04-15 17:13:22.345/Sm@rtletManager//initSm@rtlets: Sm@rtlet sys$jndi, Display Name: JNDI子服务
2016-04-15 17:13:22.345/Sm@rtletManager//initSm@rtlets: Sm@rtlet sys$jndi, Description : Java名称服务器
2016-04-15 17:13:22.345/Sm@rtletManager//initSm@rtlets: Sm@rtlet sys$jndi, Class Name  : com.digitalchina.router.swiftlets.jndi.JNDISwiftlet
2016-04-15 17:13:22.345/Sm@rtletManager//initSm@rtlets: Sm@rtlet sys$jndi, Version     : 2.0.0
2016-04-15 17:13:22.345/Sm@rtletManager//initSm@rtlets: Sm@rtlet sys$jndi, Vendor      : 神州数码有限公司
2016-04-15 17:13:22.345/Sm@rtletManager//initSm@rtlets: Sm@rtlet sys$mgmt has been started
2016-04-15 17:13:22.345/Sm@rtletManager//initSm@rtlets: Sm@rtlet sys$mgmt, Display Name: 管理监控子服务
2016-04-15 17:13:22.345/Sm@rtletManager//initSm@rtlets: Sm@rtlet sys$mgmt, Description : 远程管理服务器
2016-04-15 17:13:22.345/Sm@rtletManager//initSm@rtlets: Sm@rtlet sys$mgmt, Class Name  : com.digitalchina.router.swiftlets.mgmt.MgmtSwiftletImpl
2016-04-15 17:13:22.345/Sm@rtletManager//initSm@rtlets: Sm@rtlet sys$mgmt, Version     : 2.0.0
2016-04-15 17:13:22.345/Sm@rtletManager//initSm@rtlets: Sm@rtlet sys$mgmt, Vendor      : 神州数码有限公司
2016-07-07 18:44:31.377/sys$topicmanager//startup: creating topics ...
2016-07-07 18:44:31.377/sys$topicmanager//create topic: testtopic
2016-07-07 18:44:32.126/sys$topicmanager//create topic: swiftmq.jndi
2016-07-07 18:44:54.13/sys$topicmanager//startup: creating topics ...
2016-07-07 18:44:54.13/sys$topicmanager//create topic: testtopic
2016-07-07 18:44:54.871/sys$topicmanager//create topic: swiftmq.jndi
2016-07-07 18:46:01.327/sys$topicmanager//startup: creating topics ...
2016-07-07 18:46:01.327/sys$topicmanager//create topic: testtopic
2016-07-07 18:46:01.904/sys$topicmanager//create topic: swiftmq.jndi
2016-07-07 18:48:34.332/sys$topicmanager//startup: creating topics ...
2016-07-07 18:48:34.332/sys$topicmanager//create topic: testtopic
2016-07-07 18:48:34.893/sys$topicmanager//create topic: swiftmq.jndi
2016-07-08 09:50:13.542/sys$topicmanager//startup: creating topics ...
2016-07-08 09:50:13.558/sys$topicmanager//create topic: testtopic
2016-07-08 09:50:14.119/sys$topicmanager//create topic: swiftmq.jndi
2016-07-08 09:51:58.15/sys$topicmanager//startup: creating topics ...
2016-07-08 09:51:58.15/sys$topicmanager//create topic: testtopic
2016-07-08 09:51:58.702/sys$topicmanager//create topic: swiftmq.jndi
2016-07-08 09:52:10.651/Sm@rtletManager//initSm@rtlets: Sm@rtlet sys$trace has been started
2016-07-08 09:52:10.651/Sm@rtletManager//initSm@rtlets: Sm@rtlet sys$trace, Display Name: 跟踪子服务
2016-07-08 09:52:10.651/Sm@rtletManager//initSm@rtlets: Sm@rtlet sys$trace, Description : 提供跟踪信息
2016-07-08 09:52:10.651/Sm@rtletManager//initSm@rtlets: Sm@rtlet sys$trace, Class Name  : com.digitalchina.router.swiftlets.auth.TraceSwiftletImpl
2016-07-08 09:52:10.651/Sm@rtletManager//initSm@rtlets: Sm@rtlet sys$trace, Version     : 2.0.0
2016-07-08 09:52:10.651/Sm@rtletManager//initSm@rtlets: Sm@rtlet sys$trace, Vendor      : 神州数码有限公司
2016-07-08 09:52:10.651/Sm@rtletManager//initSm@rtlets: Sm@rtlet sys$topicmanager has been started
2016-07-08 09:52:10.651/Sm@rtletManager//initSm@rtlets: Sm@rtlet sys$topicmanager, Display Name: 消息主题管理子服务
2016-07-08 09:52:10.651/Sm@rtletManager//initSm@rtlets: Sm@rtlet sys$topicmanager, Description : 管理消息主题
2016-07-08 09:52:10.651/Sm@rtletManager//initSm@rtlets: Sm@rtlet sys$topicmanager, Class Name  : com.digitalchina.router.swiftlets.topic.TopicManagerImpl
2016-07-08 09:52:10.651/Sm@rtletManager//initSm@rtlets: Sm@rtlet sys$topicmanager, Version     : 2.0.0
2016-07-08 09:52:10.651/Sm@rtletManager//initSm@rtlets: Sm@rtlet sys$topicmanager, Vendor      : 神州数码有限公司
2016-07-08 09:52:10.651/Sm@rtletManager//initSm@rtlets: Sm@rtlet sys$jms has been started
2016-07-08 09:52:10.651/Sm@rtletManager//initSm@rtlets: Sm@rtlet sys$jms, Display Name: JMS子服务
2016-07-08 09:52:10.651/Sm@rtletManager//initSm@rtlets: Sm@rtlet sys$jms, Description : Java消息服务器子服务
2016-07-08 09:52:10.651/Sm@rtletManager//initSm@rtlets: Sm@rtlet sys$jms, Class Name  : com.digitalchina.router.swiftlets.jms.JMSSwiftlet
2016-07-08 09:52:10.651/Sm@rtletManager//initSm@rtlets: Sm@rtlet sys$jms, Version     : 2.0.0
2016-07-08 09:52:10.651/Sm@rtletManager//initSm@rtlets: Sm@rtlet sys$jms, Vendor      : 神州数码有限公司
2016-07-08 09:52:10.651/Sm@rtletManager//initSm@rtlets: Sm@rtlet sys$log has been started
2016-07-08 09:52:10.651/Sm@rtletManager//initSm@rtlets: Sm@rtlet sys$log, Display Name: 日志子服务
2016-07-08 09:52:10.651/Sm@rtletManager//initSm@rtlets: Sm@rtlet sys$log, Description : 日志子服务
2016-07-08 09:52:10.651/Sm@rtletManager//initSm@rtlets: Sm@rtlet sys$log, Class Name  : com.digitalchina.router.swiftlets.log.LogSwiftletImpl
2016-07-08 09:52:10.651/Sm@rtletManager//initSm@rtlets: Sm@rtlet sys$log, Version     : 2.0.0
2016-07-08 09:52:10.651/Sm@rtletManager//initSm@rtlets: Sm@rtlet sys$log, Vendor      : 神州数码有限公司
2016-07-08 09:52:10.651/Sm@rtletManager//initSm@rtlets: Sm@rtlet sys$queuemanager has been started
2016-07-08 09:52:10.651/Sm@rtletManager//initSm@rtlets: Sm@rtlet sys$queuemanager, Display Name: 队列管理子服务
2016-07-08 09:52:10.651/Sm@rtletManager//initSm@rtlets: Sm@rtlet sys$queuemanager, Description : 用于管理消息队列的子服务
2016-07-08 09:52:10.651/Sm@rtletManager//initSm@rtlets: Sm@rtlet sys$queuemanager, Class Name  : com.digitalchina.router.swiftlets.queue.QueueManagerImpl
2016-07-08 09:52:10.651/Sm@rtletManager//initSm@rtlets: Sm@rtlet sys$queuemanager, Version     : 2.0.0
2016-07-08 09:52:10.651/Sm@rtletManager//initSm@rtlets: Sm@rtlet sys$queuemanager, Vendor      : 神州数码有限公司
2016-07-08 09:52:10.651/Sm@rtletManager//initSm@rtlets: Sm@rtlet sys$net has been started
2016-07-08 09:52:10.651/Sm@rtletManager//initSm@rtlets: Sm@rtlet sys$net, Display Name: Network子服务
2016-07-08 09:52:10.651/Sm@rtletManager//initSm@rtlets: Sm@rtlet sys$net, Description : Network连接服务
2016-07-08 09:52:10.651/Sm@rtletManager//initSm@rtlets: Sm@rtlet sys$net, Class Name  : com.digitalchina.router.swiftlets.net.NetworkSwiftletImpl
2016-07-08 09:52:10.651/Sm@rtletManager//initSm@rtlets: Sm@rtlet sys$net, Version     : 2.0.0
2016-07-08 09:52:10.651/Sm@rtletManager//initSm@rtlets: Sm@rtlet sys$net, Vendor      : 神州数码有限公司
2016-07-08 09:52:10.651/Sm@rtletManager//initSm@rtlets: Sm@rtlet sys$routing has been started
2016-07-08 09:52:10.651/Sm@rtletManager//initSm@rtlets: Sm@rtlet sys$routing, Display Name: 路由子服务
2016-07-08 09:52:10.651/Sm@rtletManager//initSm@rtlets: Sm@rtlet sys$routing, Description : 消息路由子服务
2016-07-08 09:52:10.651/Sm@rtletManager//initSm@rtlets: Sm@rtlet sys$routing, Class Name  : com.digitalchina.router.swiftlets.routing.RoutingSwiftletImpl
2016-07-08 09:52:10.651/Sm@rtletManager//initSm@rtlets: Sm@rtlet sys$routing, Version     : 2.0.0
2016-07-08 09:52:10.651/Sm@rtletManager//initSm@rtlets: Sm@rtlet sys$routing, Vendor      : 神州数码有限公司
2016-07-08 09:52:10.651/Sm@rtletManager//initSm@rtlets: Sm@rtlet httpsadapter has been started
2016-07-08 09:52:10.651/Sm@rtletManager//initSm@rtlets: Sm@rtlet httpsadapter, Display Name: HttpsAdapter 插件
2016-07-08 09:52:10.667/Sm@rtletManager//initSm@rtlets: Sm@rtlet httpsadapter, Description : HttpsAdapter 插件
2016-07-08 09:52:10.667/Sm@rtletManager//initSm@rtlets: Sm@rtlet httpsadapter, Class Name  : com.digitalchina.extension.httpsadapter.HttpsAdapterSwiftlet
2016-07-08 09:52:10.667/Sm@rtletManager//initSm@rtlets: Sm@rtlet httpsadapter, Version     : 2.0.0
2016-07-08 09:52:10.667/Sm@rtletManager//initSm@rtlets: Sm@rtlet httpsadapter, Vendor      : 神州数码(中国)有限公司
2016-07-08 09:52:10.667/Sm@rtletManager//initSm@rtlets: Sm@rtlet sys$threadpool has been started
2016-07-08 09:52:10.667/Sm@rtletManager//initSm@rtlets: Sm@rtlet sys$threadpool, Display Name: 线程池子服务
2016-07-08 09:52:10.667/Sm@rtletManager//initSm@rtlets: Sm@rtlet sys$threadpool, Description : 管理线程池的子服务
2016-07-08 09:52:10.667/Sm@rtletManager//initSm@rtlets: Sm@rtlet sys$threadpool, Class Name  : com.digitalchina.router.swiftlets.threadpool.ThreadpoolSwiftletImpl
2016-07-08 09:52:10.667/Sm@rtletManager//initSm@rtlets: Sm@rtlet sys$threadpool, Version     : 2.0.0
2016-07-08 09:52:10.667/Sm@rtletManager//initSm@rtlets: Sm@rtlet sys$threadpool, Vendor      : 神州数码有限公司
2016-07-08 09:52:10.667/Sm@rtletManager//initSm@rtlets: Sm@rtlet sys$timer has been started
2016-07-08 09:52:10.667/Sm@rtletManager//initSm@rtlets: Sm@rtlet sys$timer, Display Name: 定时子服务
2016-07-08 09:52:10.667/Sm@rtletManager//initSm@rtlets: Sm@rtlet sys$timer, Description : 定时器的管理
2016-07-08 09:52:10.667/Sm@rtletManager//initSm@rtlets: Sm@rtlet sys$timer, Class Name  : com.digitalchina.router.swiftlets.timer.TimerSwiftletImpl
2016-07-08 09:52:10.667/Sm@rtletManager//initSm@rtlets: Sm@rtlet sys$timer, Version     : 2.0.0
2016-07-08 09:52:10.667/Sm@rtletManager//initSm@rtlets: Sm@rtlet sys$timer, Vendor      : 神州数码有限公司
2016-07-08 09:52:10.667/Sm@rtletManager//initSm@rtlets: Sm@rtlet socket$adapter has been started
2016-07-08 09:52:10.667/Sm@rtletManager//initSm@rtlets: Sm@rtlet socket$adapter, Display Name: 企业端适配器
2016-07-08 09:52:10.667/Sm@rtletManager//initSm@rtlets: Sm@rtlet socket$adapter, Description : 企业端适配器
2016-07-08 09:52:10.667/Sm@rtletManager//initSm@rtlets: Sm@rtlet socket$adapter, Class Name  : com.digitalchina.extension.socketadapter.SocketAdapterSwiftletImpl
2016-07-08 09:52:10.667/Sm@rtletManager//initSm@rtlets: Sm@rtlet socket$adapter, Version     : 2.0.0
2016-07-08 09:52:10.667/Sm@rtletManager//initSm@rtlets: Sm@rtlet socket$adapter, Vendor      : 神州数码有限公司
2016-07-08 09:52:10.667/Sm@rtletManager//initSm@rtlets: Sm@rtlet bridge has been started
2016-07-08 09:52:10.667/Sm@rtletManager//initSm@rtlets: Sm@rtlet bridge, Display Name: JMS桥接器插件
2016-07-08 09:52:10.667/Sm@rtletManager//initSm@rtlets: Sm@rtlet bridge, Description : JMS桥接器插件
2016-07-08 09:52:10.667/Sm@rtletManager//initSm@rtlets: Sm@rtlet bridge, Class Name  : com.digitalchina.extension.bridge.BridgeSwiftlet
2016-07-08 09:52:10.667/Sm@rtletManager//initSm@rtlets: Sm@rtlet bridge, Version     : 2.0.0
2016-07-08 09:52:10.667/Sm@rtletManager//initSm@rtlets: Sm@rtlet bridge, Vendor      : 神州数码（中国）有限公司
2016-07-08 09:52:10.667/Sm@rtletManager//initSm@rtlets: Sm@rtlet scriptlet has been started
2016-07-08 09:52:10.667/Sm@rtletManager//initSm@rtlets: Sm@rtlet scriptlet, Display Name: 脚本引擎
2016-07-08 09:52:10.667/Sm@rtletManager//initSm@rtlets: Sm@rtlet scriptlet, Description : 脚本引擎
2016-07-08 09:52:10.667/Sm@rtletManager//initSm@rtlets: Sm@rtlet scriptlet, Class Name  : com.digitalchina.extension.scriptengine.ScriptEngineSwiftlet
2016-07-08 09:52:10.667/Sm@rtletManager//initSm@rtlets: Sm@rtlet scriptlet, Version     : 2.0.0
2016-07-08 09:52:10.667/Sm@rtletManager//initSm@rtlets: Sm@rtlet scriptlet, Vendor      : 神州数码（中国）有限公司
2016-07-08 09:52:10.667/Sm@rtletManager//initSm@rtlets: Sm@rtlet sys$authentication has been started
2016-07-08 09:52:10.667/Sm@rtletManager//initSm@rtlets: Sm@rtlet sys$authentication, Display Name: 用户认证子服务
2016-07-08 09:52:10.667/Sm@rtletManager//initSm@rtlets: Sm@rtlet sys$authentication, Description : 用户认证子服务
2016-07-08 09:52:10.667/Sm@rtletManager//initSm@rtlets: Sm@rtlet sys$authentication, Class Name  : com.digitalchina.router.swiftlets.auth.AuthenticationSwiftletImpl
2016-07-08 09:52:10.667/Sm@rtletManager//initSm@rtlets: Sm@rtlet sys$authentication, Version     : 2.0.0
2016-07-08 09:52:10.667/Sm@rtletManager//initSm@rtlets: Sm@rtlet sys$authentication, Vendor      : 神州数码有限公司
2016-07-08 09:52:10.667/Sm@rtletManager//initSm@rtlets: Sm@rtlet sys$jndi has been started
2016-07-08 09:52:10.667/Sm@rtletManager//initSm@rtlets: Sm@rtlet sys$jndi, Display Name: JNDI子服务
2016-07-08 09:52:10.667/Sm@rtletManager//initSm@rtlets: Sm@rtlet sys$jndi, Description : Java名称服务器
2016-07-08 09:52:10.667/Sm@rtletManager//initSm@rtlets: Sm@rtlet sys$jndi, Class Name  : com.digitalchina.router.swiftlets.jndi.JNDISwiftlet
2016-07-08 09:52:10.667/Sm@rtletManager//initSm@rtlets: Sm@rtlet sys$jndi, Version     : 2.0.0
2016-07-08 09:52:10.667/Sm@rtletManager//initSm@rtlets: Sm@rtlet sys$jndi, Vendor      : 神州数码有限公司
2016-07-08 09:52:10.667/Sm@rtletManager//initSm@rtlets: Sm@rtlet sys$mgmt has been started
2016-07-08 09:52:10.667/Sm@rtletManager//initSm@rtlets: Sm@rtlet sys$mgmt, Display Name: 管理监控子服务
2016-07-08 09:52:10.667/Sm@rtletManager//initSm@rtlets: Sm@rtlet sys$mgmt, Description : 远程管理服务器
2016-07-08 09:52:10.667/Sm@rtletManager//initSm@rtlets: Sm@rtlet sys$mgmt, Class Name  : com.digitalchina.router.swiftlets.mgmt.MgmtSwiftletImpl
2016-07-08 09:52:10.667/Sm@rtletManager//initSm@rtlets: Sm@rtlet sys$mgmt, Version     : 2.0.0
2016-07-08 09:52:10.667/Sm@rtletManager//initSm@rtlets: Sm@rtlet sys$mgmt, Vendor      : 神州数码有限公司
2016-07-21 15:30:52.56/sys$topicmanager//startup: creating topics ...
2016-07-21 15:30:52.72/sys$topicmanager//create topic: testtopic
2016-07-21 15:31:54.378/sys$topicmanager//startup: creating topics ...
2016-07-21 15:31:54.378/sys$topicmanager//create topic: testtopic
2016-07-21 15:32:01.851/sys$topicmanager//startup: creating topics ...
2016-07-21 15:32:01.851/sys$topicmanager//create topic: testtopic
2016-08-04 10:43:21.418/sys$topicmanager//startup: creating topics ...
2016-08-04 10:43:21.434/sys$topicmanager//create topic: testtopic
2016-08-04 11:03:11.108/sys$topicmanager//startup: creating topics ...
2016-08-04 11:03:11.123/sys$topicmanager//create topic: testtopic
2016-08-04 11:03:14.181/sys$topicmanager//startup: creating topics ...
2016-08-04 11:03:14.181/sys$topicmanager//create topic: testtopic
